-------------------------------------------------------------------------------
Test set: com.example.demo.BasicApplicationTests
-------------------------------------------------------------------------------
Tests run: 1, Failures: 0, Errors: 1, Skipped: 0, Time elapsed: 1.074 s <<< FAILURE! - in com.example.demo.BasicApplicationTests
initializationError(com.example.demo.BasicApplicationTests)  Time elapsed: 0.012 s  <<< ERROR!
java.lang.IllegalStateException: Found multiple @SpringBootConfiguration annotated classes [Generic bean: class [com.example.demo.BasicApplication]; scope=; abstract=false; lazyInit=false; autowireMode=0; dependencyCheck=0; autowireCandidate=true; primary=false; factoryBeanName=null; factoryMethodName=null; initMethodName=null; destroyMethodName=null; defined in file [E:\Code\Spring Practice\demo\target\classes\com\example\demo\BasicApplication.class], Generic bean: class [com.example.demo.ComponentScanApplication]; scope=; abstract=false; lazyInit=false; autowireMode=0; dependencyCheck=0; autowireCandidate=true; primary=false; factoryBeanName=null; factoryMethodName=null; initMethodName=null; destroyMethodName=null; defined in file [E:\Code\Spring Practice\demo\target\classes\com\example\demo\ComponentScanApplication.class], Generic bean: class [com.example.demo.ScopeApplication]; scope=; abstract=false; lazyInit=false; autowireMode=0; dependencyCheck=0; autowireCandidate=true; primary=false; factoryBeanName=null; factoryMethodName=null; initMethodName=null; destroyMethodName=null; defined in file [E:\Code\Spring Practice\demo\target\classes\com\example\demo\ScopeApplication.class]]

